[2022-12-21T15:59:12.908Z] debug: [twx-studio:upgrade:testsfsaff] Begin upgrade of project
[2022-12-21T15:59:12.909Z] info: [twx-studio:upgrade:testsfsaff] Upgrading project
[2022-12-21T15:59:12.949Z] debug: [twx-studio:upgrade:testsfsaff] Make sure there are not any stale files lying around
[2022-12-21T15:59:12.951Z] debug: [twx-studio:upgrade:testsfsaff] Create .gitignore for project dir
[2022-12-21T15:59:12.952Z] debug: [twx-studio:upgrade:testsfsaff] Copying /src/**/* to project, overwrite=false
[2022-12-21T15:59:12.954Z] debug: [twx-studio:upgrade:testsfsaff] Copying /**/* to project, skip /src/**/*,  overwrite=true
[2022-12-21T15:59:13.024Z] debug: [twx-studio:upgrade:testsfsaff] Copy of project files complete
[2022-12-21T15:59:13.024Z] debug: [twx-studio:upgrade:testsfsaff] Updating version to 
[2022-12-21T15:59:13.024Z] debug: [twx-studio:upgrade:testsfsaff] onupgrade sucessful, now build the project
[2022-12-21T15:59:13.025Z] debug: [twx-studio:upgrade:testsfsaff] BEGIN buildApp
[2022-12-21T15:59:13.025Z] debug: [twx-studio:upgrade:testsfsaff] write settings
[2022-12-21T15:59:13.025Z] debug: [twx-studio:upgrade:testsfsaff] copy runtime extensions
[2022-12-21T15:59:15.952Z] debug: [twx-studio:upgrade:testsfsaff] packageThemeSet
[2022-12-21T15:59:16.754Z] debug: [twx-studio:upgrade:testsfsaff] onBuild
[2022-12-21T15:59:16.754Z] info: [twx-studio:upgrade:testsfsaff] Building ves-ar-extension app:
[2022-12-21T15:59:16.773Z] debug: [twx-studio:upgrade:testsfsaff] pathDir
[2022-12-21T15:59:16.773Z] debug: [twx-studio:upgrade:testsfsaff] scaffoldDir
[2022-12-21T15:59:16.773Z] debug: [twx-studio:upgrade:testsfsaff] copySrc
[2022-12-21T15:59:16.923Z] debug: [twx-studio:upgrade:testsfsaff] buildApp
[2022-12-21T15:59:17.077Z] debug: [twx-studio:upgrade:testsfsaff] END buildApp
[2022-12-21T15:59:17.077Z] debug: [twx-studio:upgrade:testsfsaff] Build succeeded.

2022-12-21T16:20:57.392Z: Project "testsfsaff" saved as new project "COE_TreeUsingWCData"[2022-12-21T16:21:01.372Z] debug: [twx-studio:upgrade:COE_TreeUsingWCData] Begin upgrade of project
[2022-12-21T16:21:01.373Z] info: [twx-studio:upgrade:COE_TreeUsingWCData] Upgrading project
[2022-12-21T16:21:01.375Z] debug: [twx-studio:upgrade:COE_TreeUsingWCData] Make sure there are not any stale files lying around
[2022-12-21T16:21:01.376Z] debug: [twx-studio:upgrade:COE_TreeUsingWCData] Removing 
[2022-12-21T16:21:01.393Z] debug: [twx-studio:upgrade:COE_TreeUsingWCData] Create .gitignore for project dir
[2022-12-21T16:21:01.394Z] debug: [twx-studio:upgrade:COE_TreeUsingWCData] Copying /src/**/* to project, overwrite=false
[2022-12-21T16:21:01.395Z] debug: [twx-studio:upgrade:COE_TreeUsingWCData] Copying /**/* to project, skip /src/**/*,  overwrite=true
[2022-12-21T16:21:01.472Z] debug: [twx-studio:upgrade:COE_TreeUsingWCData] Copy of project files complete
[2022-12-21T16:21:01.472Z] debug: [twx-studio:upgrade:COE_TreeUsingWCData] Updating version to 
[2022-12-21T16:21:01.472Z] debug: [twx-studio:upgrade:COE_TreeUsingWCData] onupgrade sucessful, now build the project
[2022-12-21T16:21:01.472Z] debug: [twx-studio:upgrade:COE_TreeUsingWCData] BEGIN buildApp
[2022-12-21T16:21:01.472Z] debug: [twx-studio:upgrade:COE_TreeUsingWCData] write settings
[2022-12-21T16:21:01.473Z] debug: [twx-studio:upgrade:COE_TreeUsingWCData] copy runtime extensions
[2022-12-21T16:21:02.780Z] debug: [twx-studio:upgrade:COE_TreeUsingWCData] packageThemeSet
[2022-12-21T16:21:03.655Z] debug: [twx-studio:upgrade:COE_TreeUsingWCData] onBuild
[2022-12-21T16:21:03.655Z] info: [twx-studio:upgrade:COE_TreeUsingWCData] Building ves-ar-extension app:
[2022-12-21T16:21:03.674Z] debug: [twx-studio:upgrade:COE_TreeUsingWCData] pathDir
[2022-12-21T16:21:03.674Z] debug: [twx-studio:upgrade:COE_TreeUsingWCData] scaffoldDir
[2022-12-21T16:21:03.674Z] debug: [twx-studio:upgrade:COE_TreeUsingWCData] copySrc
[2022-12-21T16:21:03.798Z] debug: [twx-studio:upgrade:COE_TreeUsingWCData] buildApp
[2022-12-21T16:21:04.004Z] debug: [twx-studio:upgrade:COE_TreeUsingWCData] END buildApp
[2022-12-21T16:21:04.004Z] debug: [twx-studio:upgrade:COE_TreeUsingWCData] Build succeeded.

2022-12-23T16:56:26.824Z: Project "COE_TreeUsingWCData" saved as new project "COE_TreeUsingDunnyData"[2022-12-23T16:56:29.018Z] debug: [twx-studio:upgrade:COE_TreeUsingDunnyData] Begin upgrade of project
[2022-12-23T16:56:29.020Z] info: [twx-studio:upgrade:COE_TreeUsingDunnyData] Upgrading project
[2022-12-23T16:56:29.062Z] debug: [twx-studio:upgrade:COE_TreeUsingDunnyData] Make sure there are not any stale files lying around
[2022-12-23T16:56:29.063Z] debug: [twx-studio:upgrade:COE_TreeUsingDunnyData] Removing 
[2022-12-23T16:56:29.087Z] debug: [twx-studio:upgrade:COE_TreeUsingDunnyData] Create .gitignore for project dir
[2022-12-23T16:56:29.087Z] debug: [twx-studio:upgrade:COE_TreeUsingDunnyData] Copying /src/**/* to project, overwrite=false
[2022-12-23T16:56:29.100Z] debug: [twx-studio:upgrade:COE_TreeUsingDunnyData] Copying /**/* to project, skip /src/**/*,  overwrite=true
[2022-12-23T16:56:29.210Z] debug: [twx-studio:upgrade:COE_TreeUsingDunnyData] Copy of project files complete
[2022-12-23T16:56:29.210Z] debug: [twx-studio:upgrade:COE_TreeUsingDunnyData] Updating version to 
[2022-12-23T16:56:29.210Z] debug: [twx-studio:upgrade:COE_TreeUsingDunnyData] onupgrade sucessful, now build the project
[2022-12-23T16:56:29.211Z] debug: [twx-studio:upgrade:COE_TreeUsingDunnyData] BEGIN buildApp
[2022-12-23T16:56:29.212Z] debug: [twx-studio:upgrade:COE_TreeUsingDunnyData] write settings
[2022-12-23T16:56:29.214Z] debug: [twx-studio:upgrade:COE_TreeUsingDunnyData] copy runtime extensions
[2022-12-23T16:56:32.238Z] debug: [twx-studio:upgrade:COE_TreeUsingDunnyData] packageThemeSet
[2022-12-23T16:56:33.168Z] debug: [twx-studio:upgrade:COE_TreeUsingDunnyData] onBuild
[2022-12-23T16:56:33.168Z] info: [twx-studio:upgrade:COE_TreeUsingDunnyData] Building ves-ar-extension app:
[2022-12-23T16:56:33.194Z] debug: [twx-studio:upgrade:COE_TreeUsingDunnyData] pathDir
[2022-12-23T16:56:33.194Z] debug: [twx-studio:upgrade:COE_TreeUsingDunnyData] scaffoldDir
[2022-12-23T16:56:33.194Z] debug: [twx-studio:upgrade:COE_TreeUsingDunnyData] copySrc
[2022-12-23T16:56:33.800Z] debug: [twx-studio:upgrade:COE_TreeUsingDunnyData] buildApp
[2022-12-23T16:56:34.350Z] debug: [twx-studio:upgrade:COE_TreeUsingDunnyData] END buildApp
[2022-12-23T16:56:34.351Z] debug: [twx-studio:upgrade:COE_TreeUsingDunnyData] Build succeeded.

2022-12-23T17:16:48.955Z: Project "COE_TreeUsingDunnyData" saved as new project "COE_TreeUsingDummyData"[2022-12-23T17:16:58.785Z] debug: [twx-studio:upgrade:COE_TreeUsingDummyData] Begin upgrade of project
[2022-12-23T17:16:58.786Z] info: [twx-studio:upgrade:COE_TreeUsingDummyData] Upgrading project
[2022-12-23T17:16:58.789Z] debug: [twx-studio:upgrade:COE_TreeUsingDummyData] Make sure there are not any stale files lying around
[2022-12-23T17:16:58.790Z] debug: [twx-studio:upgrade:COE_TreeUsingDummyData] Removing 
[2022-12-23T17:16:58.819Z] debug: [twx-studio:upgrade:COE_TreeUsingDummyData] Create .gitignore for project dir
[2022-12-23T17:16:58.820Z] debug: [twx-studio:upgrade:COE_TreeUsingDummyData] Copying /src/**/* to project, overwrite=false
[2022-12-23T17:16:58.834Z] debug: [twx-studio:upgrade:COE_TreeUsingDummyData] Copying /**/* to project, skip /src/**/*,  overwrite=true
[2022-12-23T17:16:58.919Z] debug: [twx-studio:upgrade:COE_TreeUsingDummyData] Copy of project files complete
[2022-12-23T17:16:58.919Z] debug: [twx-studio:upgrade:COE_TreeUsingDummyData] Updating version to 
[2022-12-23T17:16:58.920Z] debug: [twx-studio:upgrade:COE_TreeUsingDummyData] onupgrade sucessful, now build the project
[2022-12-23T17:16:58.920Z] debug: [twx-studio:upgrade:COE_TreeUsingDummyData] BEGIN buildApp
[2022-12-23T17:16:58.920Z] debug: [twx-studio:upgrade:COE_TreeUsingDummyData] write settings
[2022-12-23T17:16:58.920Z] debug: [twx-studio:upgrade:COE_TreeUsingDummyData] copy runtime extensions
[2022-12-23T17:17:00.382Z] debug: [twx-studio:upgrade:COE_TreeUsingDummyData] packageThemeSet
[2022-12-23T17:17:01.191Z] debug: [twx-studio:upgrade:COE_TreeUsingDummyData] onBuild
[2022-12-23T17:17:01.191Z] info: [twx-studio:upgrade:COE_TreeUsingDummyData] Building ves-ar-extension app:
[2022-12-23T17:17:01.218Z] debug: [twx-studio:upgrade:COE_TreeUsingDummyData] pathDir
[2022-12-23T17:17:01.218Z] debug: [twx-studio:upgrade:COE_TreeUsingDummyData] scaffoldDir
[2022-12-23T17:17:01.218Z] debug: [twx-studio:upgrade:COE_TreeUsingDummyData] copySrc
[2022-12-23T17:17:01.795Z] debug: [twx-studio:upgrade:COE_TreeUsingDummyData] buildApp
[2022-12-23T17:17:02.257Z] debug: [twx-studio:upgrade:COE_TreeUsingDummyData] END buildApp
[2022-12-23T17:17:02.257Z] debug: [twx-studio:upgrade:COE_TreeUsingDummyData] Build succeeded.
[2023-01-31T16:35:13.350Z] debug: [twx-studio:upgrade:COE_TreeUsingDummyData] Begin upgrade of project
[2023-01-31T16:35:13.352Z] info: [twx-studio:upgrade:COE_TreeUsingDummyData] Upgrading project
[2023-01-31T16:35:13.385Z] debug: [twx-studio:upgrade:COE_TreeUsingDummyData] Make sure there are not any stale files lying around
[2023-01-31T16:35:13.385Z] debug: [twx-studio:upgrade:COE_TreeUsingDummyData] Removing 
[2023-01-31T16:35:13.396Z] debug: [twx-studio:upgrade:COE_TreeUsingDummyData] Removing 
[2023-01-31T16:35:13.878Z] debug: [twx-studio:upgrade:COE_TreeUsingDummyData] Removing 
[2023-01-31T16:35:14.240Z] debug: [twx-studio:upgrade:COE_TreeUsingDummyData] Removing 
[2023-01-31T16:35:14.256Z] debug: [twx-studio:upgrade:COE_TreeUsingDummyData] Removing 
[2023-01-31T16:35:14.262Z] debug: [twx-studio:upgrade:COE_TreeUsingDummyData] Copying /src/**/* to project, overwrite=false
[2023-01-31T16:35:14.263Z] debug: [twx-studio:upgrade:COE_TreeUsingDummyData] Copying /**/* to project, skip /src/**/*,  overwrite=true
[2023-01-31T16:35:14.688Z] debug: [twx-studio:upgrade:COE_TreeUsingDummyData] Copy of project files complete
[2023-01-31T16:35:14.688Z] debug: [twx-studio:upgrade:COE_TreeUsingDummyData] Updating version to 
[2023-01-31T16:35:14.689Z] debug: [twx-studio:upgrade:COE_TreeUsingDummyData] onupgrade sucessful, now build the project
[2023-01-31T16:35:14.690Z] debug: [twx-studio:upgrade:COE_TreeUsingDummyData] BEGIN buildApp
[2023-01-31T16:35:14.690Z] debug: [twx-studio:upgrade:COE_TreeUsingDummyData] write settings
[2023-01-31T16:35:14.691Z] debug: [twx-studio:upgrade:COE_TreeUsingDummyData] copy runtime extensions
[2023-01-31T16:35:16.749Z] debug: [twx-studio:upgrade:COE_TreeUsingDummyData] packageThemeSet
[2023-01-31T16:35:17.689Z] debug: [twx-studio:upgrade:COE_TreeUsingDummyData] onBuild
[2023-01-31T16:35:17.689Z] info: [twx-studio:upgrade:COE_TreeUsingDummyData] Building ves-ar-extension app:
[2023-01-31T16:35:17.786Z] debug: [twx-studio:upgrade:COE_TreeUsingDummyData] pathDir
[2023-01-31T16:35:17.786Z] debug: [twx-studio:upgrade:COE_TreeUsingDummyData] scaffoldDir
[2023-01-31T16:35:17.786Z] debug: [twx-studio:upgrade:COE_TreeUsingDummyData] copySrc
[2023-01-31T16:35:17.992Z] debug: [twx-studio:upgrade:COE_TreeUsingDummyData] buildApp
[2023-01-31T16:35:19.175Z] debug: [twx-studio:upgrade:COE_TreeUsingDummyData] END buildApp
[2023-01-31T16:35:19.175Z] debug: [twx-studio:upgrade:COE_TreeUsingDummyData] Build succeeded.

2023-02-16T16:14:01.818Z: Project "COE_TreeUsingDummyData" saved as new project "COE_TreeUsingDummyDataX2"[2023-02-16T16:14:03.459Z] debug: [twx-studio:upgrade:COE_TreeUsingDummyDataX2] Begin upgrade of project
[2023-02-16T16:14:03.460Z] info: [twx-studio:upgrade:COE_TreeUsingDummyDataX2] Upgrading project
[2023-02-16T16:14:03.503Z] debug: [twx-studio:upgrade:COE_TreeUsingDummyDataX2] Make sure there are not any stale files lying around
[2023-02-16T16:14:03.503Z] debug: [twx-studio:upgrade:COE_TreeUsingDummyDataX2] Removing 
[2023-02-16T16:14:03.528Z] debug: [twx-studio:upgrade:COE_TreeUsingDummyDataX2] Create .gitignore for project dir
[2023-02-16T16:14:03.529Z] debug: [twx-studio:upgrade:COE_TreeUsingDummyDataX2] Copying /src/**/* to project, overwrite=false
[2023-02-16T16:14:03.541Z] debug: [twx-studio:upgrade:COE_TreeUsingDummyDataX2] Copying /**/* to project, skip /src/**/*,  overwrite=true
[2023-02-16T16:14:03.669Z] debug: [twx-studio:upgrade:COE_TreeUsingDummyDataX2] Copy of project files complete
[2023-02-16T16:14:03.669Z] debug: [twx-studio:upgrade:COE_TreeUsingDummyDataX2] Updating version to 
[2023-02-16T16:14:03.670Z] debug: [twx-studio:upgrade:COE_TreeUsingDummyDataX2] onupgrade sucessful, now build the project
[2023-02-16T16:14:03.670Z] debug: [twx-studio:upgrade:COE_TreeUsingDummyDataX2] BEGIN buildApp
[2023-02-16T16:14:03.671Z] debug: [twx-studio:upgrade:COE_TreeUsingDummyDataX2] write settings
[2023-02-16T16:14:03.671Z] debug: [twx-studio:upgrade:COE_TreeUsingDummyDataX2] copy runtime extensions
[2023-02-16T16:14:08.388Z] debug: [twx-studio:upgrade:COE_TreeUsingDummyDataX2] packageThemeSet
[2023-02-16T16:14:09.206Z] debug: [twx-studio:upgrade:COE_TreeUsingDummyDataX2] onBuild
[2023-02-16T16:14:09.207Z] info: [twx-studio:upgrade:COE_TreeUsingDummyDataX2] Building ves-ar-extension app:
[2023-02-16T16:14:09.316Z] debug: [twx-studio:upgrade:COE_TreeUsingDummyDataX2] pathDir
[2023-02-16T16:14:09.316Z] debug: [twx-studio:upgrade:COE_TreeUsingDummyDataX2] scaffoldDir
[2023-02-16T16:14:09.316Z] debug: [twx-studio:upgrade:COE_TreeUsingDummyDataX2] copySrc
[2023-02-16T16:14:09.504Z] debug: [twx-studio:upgrade:COE_TreeUsingDummyDataX2] buildApp
[2023-02-16T16:14:10.524Z] debug: [twx-studio:upgrade:COE_TreeUsingDummyDataX2] END buildApp
[2023-02-16T16:14:10.524Z] debug: [twx-studio:upgrade:COE_TreeUsingDummyDataX2] Build succeeded.

2023-02-18T16:12:59.324Z: Project "COE_TreeUsingDummyDataX2" saved as new project "COE_TreeDummyDataWindchill"[2023-02-18T16:13:01.598Z] debug: [twx-studio:upgrade:COE_TreeDummyDataWindchill] Begin upgrade of project
[2023-02-18T16:13:01.600Z] info: [twx-studio:upgrade:COE_TreeDummyDataWindchill] Upgrading project
[2023-02-18T16:13:01.602Z] debug: [twx-studio:upgrade:COE_TreeDummyDataWindchill] Make sure there are not any stale files lying around
[2023-02-18T16:13:01.603Z] debug: [twx-studio:upgrade:COE_TreeDummyDataWindchill] Removing 
[2023-02-18T16:13:01.627Z] debug: [twx-studio:upgrade:COE_TreeDummyDataWindchill] Create .gitignore for project dir
[2023-02-18T16:13:01.627Z] debug: [twx-studio:upgrade:COE_TreeDummyDataWindchill] Copying /src/**/* to project, overwrite=false
[2023-02-18T16:13:01.629Z] debug: [twx-studio:upgrade:COE_TreeDummyDataWindchill] Copying /**/* to project, skip /src/**/*,  overwrite=true
[2023-02-18T16:13:01.741Z] debug: [twx-studio:upgrade:COE_TreeDummyDataWindchill] Copy of project files complete
[2023-02-18T16:13:01.741Z] debug: [twx-studio:upgrade:COE_TreeDummyDataWindchill] Updating version to 
[2023-02-18T16:13:01.741Z] debug: [twx-studio:upgrade:COE_TreeDummyDataWindchill] onupgrade sucessful, now build the project
[2023-02-18T16:13:01.742Z] debug: [twx-studio:upgrade:COE_TreeDummyDataWindchill] BEGIN buildApp
[2023-02-18T16:13:01.742Z] debug: [twx-studio:upgrade:COE_TreeDummyDataWindchill] write settings
[2023-02-18T16:13:01.742Z] debug: [twx-studio:upgrade:COE_TreeDummyDataWindchill] copy runtime extensions
[2023-02-18T16:13:03.504Z] debug: [twx-studio:upgrade:COE_TreeDummyDataWindchill] packageThemeSet
[2023-02-18T16:13:04.402Z] debug: [twx-studio:upgrade:COE_TreeDummyDataWindchill] onBuild
[2023-02-18T16:13:04.402Z] info: [twx-studio:upgrade:COE_TreeDummyDataWindchill] Building ves-ar-extension app:
[2023-02-18T16:13:04.455Z] debug: [twx-studio:upgrade:COE_TreeDummyDataWindchill] pathDir
[2023-02-18T16:13:04.455Z] debug: [twx-studio:upgrade:COE_TreeDummyDataWindchill] scaffoldDir
[2023-02-18T16:13:04.456Z] debug: [twx-studio:upgrade:COE_TreeDummyDataWindchill] copySrc
[2023-02-18T16:13:04.743Z] debug: [twx-studio:upgrade:COE_TreeDummyDataWindchill] buildApp
[2023-02-18T16:13:05.969Z] debug: [twx-studio:upgrade:COE_TreeDummyDataWindchill] END buildApp
[2023-02-18T16:13:05.970Z] debug: [twx-studio:upgrade:COE_TreeDummyDataWindchill] Build succeeded.

2023-02-20T00:08:42.463Z: Project "COE_TreeDummyDataWindchill" saved as new project "COE_TreeDummyDataWindchill-Release1"